
#-----------------------------------------------------------
# System started at 2016-03-13 06:44:55.3523
# system: Steven’s MacBook Pro
#-----------------------------------------------------------
06:44:55.3540 User's computer cannot find IP address for us.version.worldofwarcraft.com.  User's Internet connection may not be working.
06:44:56.4329 User's computer cannot find IP address for eu.version.worldofwarcraft.com.  User's Internet connection may not be working.
06:44:58.8839 User's computer cannot find IP address for tw.version.worldofwarcraft.com.  User's Internet connection may not be working.

#-----------------------------------------------------------
# System started at 2016-03-13 06:45:35.0668
# system: Steven’s MacBook Pro
#-----------------------------------------------------------
06:45:35.0677 User's computer cannot find IP address for us.version.worldofwarcraft.com.  User's Internet connection may not be working.
06:45:35.0680 User's computer cannot find IP address for eu.version.worldofwarcraft.com.  User's Internet connection may not be working.
06:45:35.0686 User's computer cannot find IP address for tw.version.worldofwarcraft.com.  User's Internet connection may not be working.

#-----------------------------------------------------------
# System started at 2016-03-13 07:15:38.3232
# system: Steven’s MacBook Pro
#-----------------------------------------------------------
07:15:38.3250 User's computer cannot find IP address for us.version.worldofwarcraft.com.  User's Internet connection may not be working.

#-----------------------------------------------------------
# System started at 2016-03-13 07:42:15.0000
# system: Steven’s MacBook Pro
#-----------------------------------------------------------
07:42:15.0017 User's computer cannot find IP address for eu.version.worldofwarcraft.com.  User's Internet connection may not be working.

#-----------------------------------------------------------
# System started at 2016-03-13 07:48:14.8830
# system: Steven’s MacBook Pro
#-----------------------------------------------------------
07:48:14.8846 User's computer cannot find IP address for eu.version.worldofwarcraft.com.  User's Internet connection may not be working.
07:48:19.0043 User's computer cannot find IP address for kr.version.worldofwarcraft.com.  User's Internet connection may not be working.
